<?xml version="1.0" encoding="UTF-8"?>
<!-- Generated by org.testng.reporters.JUnitXMLReporter -->
<testsuite ignored="1" hostname="DESKTOP-5CE47FT" failures="0" tests="4" name="Default test" time="106.111" errors="0" timestamp="2024-02-16T16:24:29 IST">
  <testcase classname="RohitFramework.Tests.SubmitOrderTest" name="submitOrder" time="13.985">
    <skipped/>
  </testcase> <!-- submitOrder -->
  <testcase classname="RohitFramework.Tests.SubmitOrderTest" name="submitOrder" time="6.09"/>
  <testcase classname="RohitFramework.Tests.SubmitOrderTest" name="submitOrder" time="7.467">
    <skipped/>
  </testcase> <!-- submitOrder -->
  <testcase classname="RohitFramework.Tests.SubmitOrderTest" name="submitOrder" time="5.582"/>
  <testcase classname="RohitFramework.Tests.SubmitOrderTest" name="OrderHistoryTest" time="0.0">
    <ignored/>
  </testcase> <!-- OrderHistoryTest -->
</testsuite> <!-- Default test -->
