<?xml version="1.0" encoding="UTF-8"?>
<!-- Generated by org.testng.reporters.JUnitXMLReporter -->
<testsuite ignored="0" hostname="DESKTOP-5CE47FT" failures="0" tests="5" name="Submit Order Test" time="171.27" errors="0" timestamp="2024-02-08T17:36:16 IST">
  <testcase classname="RohitFramework.Tests.SubmitOrderTest" name="submitOrder" time="11.136">
    <skipped/>
  </testcase> <!-- submitOrder -->
  <testcase classname="RohitFramework.Tests.SubmitOrderTest" name="submitOrder" time="10.939"/>
  <testcase classname="RohitFramework.Tests.SubmitOrderTest" name="submitOrder" time="4.987">
    <skipped/>
  </testcase> <!-- submitOrder -->
  <testcase classname="RohitFramework.Tests.SubmitOrderTest" name="submitOrder" time="5.609"/>
  <testcase classname="RohitFramework.Tests.SubmitOrderTest" name="OrderHistoryTest" time="1.516"/>
</testsuite> <!-- Submit Order Test -->
